Determining if the pthread_create exist failed with the following output:
Change Dir: /home/orest/auctus_ws/franka_ros_ws/build/franka_hw/CMakeFiles/CMakeTmp

Run Build Command:"/usr/bin/make" "cmTC_1bcc8/fast"
/usr/bin/make -f CMakeFiles/cmTC_1bcc8.dir/build.make CMakeFiles/cmTC_1bcc8.dir/build
make[1] : on entre dans le répertoire « /home/orest/auctus_ws/franka_ros_ws/build/franka_hw/CMakeFiles/CMakeTmp »
Building C object CMakeFiles/cmTC_1bcc8.dir/CheckSymbolExists.c.o
/usr/bin/cc    -o CMakeFiles/cmTC_1bcc8.dir/CheckSymbolExists.c.o   -c /home/orest/auctus_ws/franka_ros_ws/build/franka_hw/CMakeFiles/CMakeTmp/CheckSymbolExists.c
Linking C executable cmTC_1bcc8
/usr/bin/cmake -E cmake_link_script CMakeFiles/cmTC_1bcc8.dir/link.txt --verbose=1
/usr/bin/cc      -rdynamic CMakeFiles/cmTC_1bcc8.dir/CheckSymbolExists.c.o  -o cmTC_1bcc8 
CMakeFiles/cmTC_1bcc8.dir/CheckSymbolExists.c.o : Dans la fonction « main » :
CheckSymbolExists.c:(.text+0x1b) : référence indéfinie vers « pthread_create »
collect2: error: ld returned 1 exit status
CMakeFiles/cmTC_1bcc8.dir/build.make:97: recipe for target 'cmTC_1bcc8' failed
make[1]: *** [cmTC_1bcc8] Error 1
make[1] : on quitte le répertoire « /home/orest/auctus_ws/franka_ros_ws/build/franka_hw/CMakeFiles/CMakeTmp »
Makefile:126: recipe for target 'cmTC_1bcc8/fast' failed
make: *** [cmTC_1bcc8/fast] Error 2

File /home/orest/auctus_ws/franka_ros_ws/build/franka_hw/CMakeFiles/CMakeTmp/CheckSymbolExists.c:
/* */
#include <pthread.h>

int main(int argc, char** argv)
{
  (void)argv;
#ifndef pthread_create
  return ((int*)(&pthread_create))[argc];
#else
  (void)argc;
  return 0;
#endif
}

Determining if the function pthread_create exists in the pthreads failed with the following output:
Change Dir: /home/orest/auctus_ws/franka_ros_ws/build/franka_hw/CMakeFiles/CMakeTmp

Run Build Command:"/usr/bin/make" "cmTC_2b673/fast"
/usr/bin/make -f CMakeFiles/cmTC_2b673.dir/build.make CMakeFiles/cmTC_2b673.dir/build
make[1] : on entre dans le répertoire « /home/orest/auctus_ws/franka_ros_ws/build/franka_hw/CMakeFiles/CMakeTmp »
Building C object CMakeFiles/cmTC_2b673.dir/CheckFunctionExists.c.o
/usr/bin/cc   -DCHECK_FUNCTION_EXISTS=pthread_create   -o CMakeFiles/cmTC_2b673.dir/CheckFunctionExists.c.o   -c /usr/share/cmake-3.10/Modules/CheckFunctionExists.c
Linking C executable cmTC_2b673
/usr/bin/cmake -E cmake_link_script CMakeFiles/cmTC_2b673.dir/link.txt --verbose=1
/usr/bin/cc  -DCHECK_FUNCTION_EXISTS=pthread_create    -rdynamic CMakeFiles/cmTC_2b673.dir/CheckFunctionExists.c.o  -o cmTC_2b673 -lpthreads 
/usr/bin/ld : ne peut trouver -lpthreads
collect2: error: ld returned 1 exit status
CMakeFiles/cmTC_2b673.dir/build.make:97: recipe for target 'cmTC_2b673' failed
make[1]: *** [cmTC_2b673] Error 1
make[1] : on quitte le répertoire « /home/orest/auctus_ws/franka_ros_ws/build/franka_hw/CMakeFiles/CMakeTmp »
Makefile:126: recipe for target 'cmTC_2b673/fast' failed
make: *** [cmTC_2b673/fast] Error 2


