Determining if the pthread_create exist failed with the following output:
Change Dir: /home/orest/auctus_ws/franka_ros_ws/build/franka_control/CMakeFiles/CMakeTmp

Run Build Command:"/usr/bin/make" "cmTC_52e14/fast"
/usr/bin/make -f CMakeFiles/cmTC_52e14.dir/build.make CMakeFiles/cmTC_52e14.dir/build
make[1] : on entre dans le répertoire « /home/orest/auctus_ws/franka_ros_ws/build/franka_control/CMakeFiles/CMakeTmp »
Building C object CMakeFiles/cmTC_52e14.dir/CheckSymbolExists.c.o
/usr/bin/cc    -o CMakeFiles/cmTC_52e14.dir/CheckSymbolExists.c.o   -c /home/orest/auctus_ws/franka_ros_ws/build/franka_control/CMakeFiles/CMakeTmp/CheckSymbolExists.c
Linking C executable cmTC_52e14
/usr/bin/cmake -E cmake_link_script CMakeFiles/cmTC_52e14.dir/link.txt --verbose=1
/usr/bin/cc      -rdynamic CMakeFiles/cmTC_52e14.dir/CheckSymbolExists.c.o  -o cmTC_52e14 
CMakeFiles/cmTC_52e14.dir/CheckSymbolExists.c.o : Dans la fonction « main » :
CheckSymbolExists.c:(.text+0x1b) : référence indéfinie vers « pthread_create »
collect2: error: ld returned 1 exit status
CMakeFiles/cmTC_52e14.dir/build.make:97: recipe for target 'cmTC_52e14' failed
make[1]: *** [cmTC_52e14] Error 1
make[1] : on quitte le répertoire « /home/orest/auctus_ws/franka_ros_ws/build/franka_control/CMakeFiles/CMakeTmp »
Makefile:126: recipe for target 'cmTC_52e14/fast' failed
make: *** [cmTC_52e14/fast] Error 2

File /home/orest/auctus_ws/franka_ros_ws/build/franka_control/CMakeFiles/CMakeTmp/CheckSymbolExists.c:
/* */
#include <pthread.h>

int main(int argc, char** argv)
{
  (void)argv;
#ifndef pthread_create
  return ((int*)(&pthread_create))[argc];
#else
  (void)argc;
  return 0;
#endif
}

Determining if the function pthread_create exists in the pthreads failed with the following output:
Change Dir: /home/orest/auctus_ws/franka_ros_ws/build/franka_control/CMakeFiles/CMakeTmp

Run Build Command:"/usr/bin/make" "cmTC_8b360/fast"
/usr/bin/make -f CMakeFiles/cmTC_8b360.dir/build.make CMakeFiles/cmTC_8b360.dir/build
make[1] : on entre dans le répertoire « /home/orest/auctus_ws/franka_ros_ws/build/franka_control/CMakeFiles/CMakeTmp »
Building C object CMakeFiles/cmTC_8b360.dir/CheckFunctionExists.c.o
/usr/bin/cc   -DCHECK_FUNCTION_EXISTS=pthread_create   -o CMakeFiles/cmTC_8b360.dir/CheckFunctionExists.c.o   -c /usr/share/cmake-3.10/Modules/CheckFunctionExists.c
Linking C executable cmTC_8b360
/usr/bin/cmake -E cmake_link_script CMakeFiles/cmTC_8b360.dir/link.txt --verbose=1
/usr/bin/cc  -DCHECK_FUNCTION_EXISTS=pthread_create    -rdynamic CMakeFiles/cmTC_8b360.dir/CheckFunctionExists.c.o  -o cmTC_8b360 -lpthreads 
/usr/bin/ld : ne peut trouver -lpthreads
collect2: error: ld returned 1 exit status
CMakeFiles/cmTC_8b360.dir/build.make:97: recipe for target 'cmTC_8b360' failed
make[1]: *** [cmTC_8b360] Error 1
make[1] : on quitte le répertoire « /home/orest/auctus_ws/franka_ros_ws/build/franka_control/CMakeFiles/CMakeTmp »
Makefile:126: recipe for target 'cmTC_8b360/fast' failed
make: *** [cmTC_8b360/fast] Error 2


